<?xml version="1.0" encoding="UTF-8"?>
<testsuite name="com.lpoo.g72.gui.GuiTest" tests="2" skipped="0" failures="0" errors="0" timestamp="2020-05-02T19:38:59" hostname="diana-GL553VW" time="0.043">
  <properties/>
  <testcase name="testDraw" classname="com.lpoo.g72.gui.GuiTest" time="0.032"/>
  <testcase name="testInit" classname="com.lpoo.g72.gui.GuiTest" time="0.011"/>
  <system-out><![CDATA[]]></system-out>
  <system-err><![CDATA[]]></system-err>
</testsuite>
