<?xml version="1.0" encoding="UTF-8"?>
<testsuite name="com.lpoo.g72.model.PositionTest" tests="6" skipped="0" failures="0" errors="0" timestamp="2020-05-02T19:38:58" hostname="diana-GL553VW" time="0.002">
  <properties/>
  <testcase name="getPosition" classname="com.lpoo.g72.model.PositionTest" time="0.0"/>
  <testcase name="equalPosition" classname="com.lpoo.g72.model.PositionTest" time="0.0"/>
  <testcase name="getDown" classname="com.lpoo.g72.model.PositionTest" time="0.0"/>
  <testcase name="getLeft" classname="com.lpoo.g72.model.PositionTest" time="0.0"/>
  <testcase name="getUp" classname="com.lpoo.g72.model.PositionTest" time="0.0"/>
  <testcase name="getRight" classname="com.lpoo.g72.model.PositionTest" time="0.0"/>
  <system-out><![CDATA[]]></system-out>
  <system-err><![CDATA[]]></system-err>
</testsuite>
