<?xml version="1.0" encoding="UTF-8"?>
<testsuite name="com.lpoo.g72.model.ElementTest" tests="1" skipped="0" failures="0" errors="0" timestamp="2020-05-02T19:38:58" hostname="diana-GL553VW" time="0.0">
  <properties/>
  <testcase name="elementTest" classname="com.lpoo.g72.model.ElementTest" time="0.0"/>
  <system-out><![CDATA[]]></system-out>
  <system-err><![CDATA[]]></system-err>
</testsuite>
