<?xml version="1.0" encoding="UTF-8"?>
<testsuite name="com.lpoo.g72.controller.ElementControllerTest" tests="3" skipped="0" failures="0" errors="0" timestamp="2020-05-02T19:38:57" hostname="diana-GL553VW" time="0.942">
  <properties/>
  <testcase name="testMonsterController" classname="com.lpoo.g72.controller.ElementControllerTest" time="0.935"/>
  <testcase name="testInit" classname="com.lpoo.g72.controller.ElementControllerTest" time="0.001"/>
  <testcase name="testHelicopterController" classname="com.lpoo.g72.controller.ElementControllerTest" time="0.005"/>
  <system-out><![CDATA[]]></system-out>
  <system-err><![CDATA[]]></system-err>
</testsuite>
