<?xml version="1.0" encoding="UTF-8"?>
<testsuite name="com.lpoo.g72.command.CommandTest" tests="2" skipped="0" failures="0" errors="0" timestamp="2020-05-02T19:38:58" hostname="diana-GL553VW" time="0.1">
  <properties/>
  <testcase name="testDirectionalCommands" classname="com.lpoo.g72.command.CommandTest" time="0.076"/>
  <testcase name="testCommandInvoker" classname="com.lpoo.g72.command.CommandTest" time="0.024"/>
  <system-out><![CDATA[]]></system-out>
  <system-err><![CDATA[]]></system-err>
</testsuite>
