<?xml version="1.0" encoding="UTF-8"?>
<testsuite name="com.lpoo.g72.creator.SceneCreatorTest" tests="5" skipped="0" failures="0" errors="0" timestamp="2020-05-02T19:38:58" hostname="diana-GL553VW" time="0.024">
  <properties/>
  <testcase name="testStub" classname="com.lpoo.g72.creator.SceneCreatorTest" time="0.003"/>
  <testcase name="testDimensions" classname="com.lpoo.g72.creator.SceneCreatorTest" time="0.017"/>
  <testcase name="testLisbon" classname="com.lpoo.g72.creator.SceneCreatorTest" time="0.0"/>
  <testcase name="testOporto" classname="com.lpoo.g72.creator.SceneCreatorTest" time="0.001"/>
  <testcase name="testRandom" classname="com.lpoo.g72.creator.SceneCreatorTest" time="0.001"/>
  <system-out><![CDATA[]]></system-out>
  <system-err><![CDATA[]]></system-err>
</testsuite>
